<?xml version="1.0" encoding="UTF-8"?>
<testng-results skipped="0" failed="0" ignored="0" total="1" passed="1">
  <reporter-output>
  </reporter-output>
  <suite name="Default suite" duration-ms="7982" started-at="2020-09-28T17:10:27Z" finished-at="2020-09-28T17:10:35Z">
    <groups>
    </groups>
    <test name="Default test" duration-ms="7982" started-at="2020-09-28T17:10:27Z" finished-at="2020-09-28T17:10:35Z">
      <class name="com.facebook.tests.LogInTest">
        <test-method status="PASS" signature="doLogInTest()[pri:0, instance:com.facebook.tests.LogInTest@49fc609f]" name="doLogInTest" duration-ms="7960" started-at="2020-09-28T22:40:27Z" finished-at="2020-09-28T22:40:35Z">
          <reporter-output>
          </reporter-output>
        </test-method> <!-- doLogInTest -->
        <test-method status="PASS" signature="captureScreenShot(org.testng.ITestResult)[pri:0, instance:com.facebook.tests.LogInTest@49fc609f]" name="captureScreenShot" is-config="true" duration-ms="1" started-at="2020-09-28T22:40:35Z" finished-at="2020-09-28T22:40:35Z">
          <params>
            <param index="0">
              <value>
                <![CDATA[[TestResult name=doLogInTest status=SUCCESS method=LogInTest.doLogInTest()[pri:0, instance:com.facebook.tests.LogInTest@49fc609f] output={null}]]]>
              </value>
            </param>
          </params>
          <reporter-output>
          </reporter-output>
        </test-method> <!-- captureScreenShot -->
      </class> <!-- com.facebook.tests.LogInTest -->
    </test> <!-- Default test -->
  </suite> <!-- Default suite -->
</testng-results>
